filemanager/build/outputs/logs/manifest-merger-dev-debug-report.txt
-- Merging decision tree log ---
manifest
ADDED from Project_FileManager\filemanager\AndroidManifest.xml:2:1-578:12
	package
		ADDED from Project_FileManager\filemanager\AndroidManifest.xml:4:5-35
		INJECTED from Project_FileManager\filemanager\AndroidManifest.xml
		INJECTED from Project_FileManager\filemanager\AndroidManifest.xml
	android:versionName
		ADDED from Project_FileManager\filemanager\AndroidManifest.xml:6:5-48
		INJECTED from Project_FileManager\filemanager\AndroidManifest.xml
		INJECTED from Project_FileManager\filemanager\AndroidManifest.xml
	xmlns:tools
		ADDED from Project_FileManager\filemanager\AndroidManifest.xml:3:5-51
	android:versionCode
		ADDED from Project_FileManager\filemanager\AndroidManifest.xml:5:5-37
	xmlns:android
		ADDED from Project_FileManager\filemanager\AndroidManifest.xml:2:11-69
uses-sdk
ADDED from Project_FileManager\filemanager\AndroidManifest.xml:8:5-11:53
MERGED from [Project_FileManager:asusui:unspecified] AndroidManifest.xml:22:5-24:41
MERGED from [com.android.support:multidex:1.0.1] AndroidManifest.xml:18:5-42
MERGED from [Project_FileManager:azsvclib:unspecified] AndroidManifest.xml:7:5-9:41
MERGED from [Project_FileManager:facebookenginelite:unspecified] AndroidManifest.xml:7:5-9:41
MERGED from [Project_FileManager:cloudfacebooksdk:unspecified] AndroidManifest.xml:24:5-26:41
MERGED from [com.android.support:support-v4:24.0.0] AndroidManifest.xml:21:5-23:54
MERGED from [Project_FileManager:uservoicesdk:unspecified] AndroidManifest.xml:7:5-9:41
MERGED from [com.android.support:recyclerview-v7:24.0.0] AndroidManifest.xml:20:5-43
MERGED from [Project_FileManager:cloudstorage:unspecified] AndroidManifest.xml:7:5-9:41
MERGED from [Project_FileManager:asusaccount:unspecified] AndroidManifest.xml:7:5-44
MERGED from [com.google.android.gms:play-services-basement:9.8.0] AndroidManifest.xml:17:5-42
MERGED from [com.google.android.gms:play-services-base:9.8.0] AndroidManifest.xml:17:5-42
MERGED from [com.google.android.gms:play-services-tasks:9.8.0] AndroidManifest.xml:3:5-42
MERGED from [com.google.android.gms:play-services-analytics:9.8.0] AndroidManifest.xml:17:5-42
MERGED from [com.google.android.gms:play-services-analytics-impl:9.8.0] AndroidManifest.xml:17:5-42
MERGED from [com.google.android.gms:play-services-auth:9.8.0] AndroidManifest.xml:17:5-42
MERGED from [com.google.android.gms:play-services-auth-base:9.8.0] AndroidManifest.xml:4:5-42
MERGED from [Project_FileManager:asusupdatesdk:unspecified] AndroidManifest.xml:7:5-9:41
MERGED from [com.google.firebase:firebase-crash:9.8.0] AndroidManifest.xml:20:5-42
MERGED from [com.google.firebase:firebase-iid:9.8.0] AndroidManifest.xml:17:5-42
MERGED from [com.google.firebase:firebase-common:9.8.0] AndroidManifest.xml:3:5-42
MERGED from [com.google.firebase:firebase-analytics:9.8.0] AndroidManifest.xml:17:5-42
MERGED from [com.google.firebase:firebase-analytics-impl:9.8.0] AndroidManifest.xml:17:5-42
MERGED from [com.google.firebase:firebase-invites:9.8.0] AndroidManifest.xml:4:5-42
MERGED from [com.google.android.gms:play-services-appinvite:9.8.0] AndroidManifest.xml:17:5-42
MERGED from [com.android.support:design:24.0.0] AndroidManifest.xml:20:5-43
MERGED from [com.android.support:appcompat-v7:24.0.0] AndroidManifest.xml:21:5-23:78
MERGED from [com.android.support:support-vector-drawable:24.0.0] AndroidManifest.xml:21:5-43
MERGED from [com.android.support:animated-vector-drawable:24.0.0] AndroidManifest.xml:20:5-44
MERGED from [com.google.firebase:firebase-core:9.8.0] AndroidManifest.xml:4:5-42
	tools:overrideLibrary
		ADDED from Project_FileManager\filemanager\AndroidManifest.xml:11:9-50
	android:targetSdkVersion
		ADDED from Project_FileManager\filemanager\AndroidManifest.xml:10:9-38
		INJECTED from Project_FileManager\filemanager\AndroidManifest.xml
		INJECTED from Project_FileManager\filemanager\AndroidManifest.xml
	android:minSdkVersion
		ADDED from Project_FileManager\filemanager\AndroidManifest.xml:9:9-35
		INJECTED from Project_FileManager\filemanager\AndroidManifest.xml
		INJECTED from Project_FileManager\filemanager\AndroidManifest.xml
permission#com.asus.filemanager.provider.OpenFileProvider.PERMISSION.READ
ADDED from Project_FileManager\filemanager\AndroidManifest.xml:13:5-16:47
	android:label
		ADDED from Project_FileManager\filemanager\AndroidManifest.xml:15:9-48
	android:protectionLevel
		ADDED from Project_FileManager\filemanager\AndroidManifest.xml:16:9-44
	android:name
		ADDED from Project_FileManager\filemanager\AndroidManifest.xml:14:9-86
permission#com.asus.filemanager.provider.OpenFileProvider.PERMISSION.WRITE
ADDED from Project_FileManager\filemanager\AndroidManifest.xml:17:5-20:44
	android:label
		ADDED from Project_FileManager\filemanager\AndroidManifest.xml:19:9-49
	android:protectionLevel
		ADDED from Project_FileManager\filemanager\AndroidManifest.xml:20:9-41
	android:name
		ADDED from Project_FileManager\filemanager\AndroidManifest.xml:18:9-87
uses-permission#android.permission.MOUNT_UNMOUNT_FILESYSTEMS
ADDED from Project_FileManager\filemanager\AndroidManifest.xml:22:5-84
	android:name
		ADDED from Project_FileManager\filemanager\AndroidManifest.xml:22:22-81
uses-permission#android.permission.WRITE_EXTERNAL_STORAGE
ADDED from Project_FileManager\filemanager\AndroidManifest.xml:23:5-81
	android:name
		ADDED from Project_FileManager\filemanager\AndroidManifest.xml:23:22-78
uses-permission#android.permission.WAKE_LOCK
ADDED from Project_FileManager\filemanager\AndroidManifest.xml:24:5-68
MERGED from [com.google.android.gms:play-services-analytics:9.8.0] AndroidManifest.xml:24:5-67
MERGED from [com.google.android.gms:play-services-analytics-impl:9.8.0] AndroidManifest.xml:24:5-67
MERGED from [com.google.firebase:firebase-iid:9.8.0] AndroidManifest.xml:21:5-67
MERGED from [com.google.firebase:firebase-analytics:9.8.0] AndroidManifest.xml:22:5-67
MERGED from [com.google.firebase:firebase-analytics-impl:9.8.0] AndroidManifest.xml:22:5-67
	android:name
		ADDED from Project_FileManager\filemanager\AndroidManifest.xml:24:22-65
uses-permission#android.permission.ACCESS_NETWORK_STATE
ADDED from Project_FileManager\filemanager\AndroidManifest.xml:25:5-79
MERGED from [Project_FileManager:uservoicesdk:unspecified] AndroidManifest.xml:12:5-79
MERGED from [com.google.android.gms:play-services-analytics:9.8.0] AndroidManifest.xml:21:5-78
MERGED from [com.google.android.gms:play-services-analytics-impl:9.8.0] AndroidManifest.xml:21:5-78
MERGED from [com.google.firebase:firebase-iid:9.8.0] AndroidManifest.xml:19:5-78
MERGED from [com.google.firebase:firebase-analytics:9.8.0] AndroidManifest.xml:21:5-78
MERGED from [com.google.firebase:firebase-analytics-impl:9.8.0] AndroidManifest.xml:21:5-78
	android:name
		ADDED from Project_FileManager\filemanager\AndroidManifest.xml:25:22-76
uses-permission#com.android.email.permission.READ_ATTACHMENT
ADDED from Project_FileManager\filemanager\AndroidManifest.xml:26:5-84
	android:name
		ADDED from Project_FileManager\filemanager\AndroidManifest.xml:26:22-81
uses-permission#android.permission.EXPAND_STATUS_BAR
ADDED from Project_FileManager\filemanager\AndroidManifest.xml:27:5-76
	android:name
		ADDED from Project_FileManager\filemanager\AndroidManifest.xml:27:22-73
uses-permission#android.permission.INTERACT_ACROSS_USERS
ADDED from Project_FileManager\filemanager\AndroidManifest.xml:28:5-80
	android:name
		ADDED from Project_FileManager\filemanager\AndroidManifest.xml:28:22-77
uses-permission#android.permission.MANAGE_USERS
ADDED from Project_FileManager\filemanager\AndroidManifest.xml:29:5-71
	android:name
		ADDED from Project_FileManager\filemanager\AndroidManifest.xml:29:22-68
uses-permission#android.permission.INTERNET
ADDED from Project_FileManager\filemanager\AndroidManifest.xml:30:5-67
MERGED from [Project_FileManager:uservoicesdk:unspecified] AndroidManifest.xml:11:5-67
MERGED from [com.google.android.gms:play-services-analytics:9.8.0] AndroidManifest.xml:20:5-66
MERGED from [com.google.android.gms:play-services-analytics-impl:9.8.0] AndroidManifest.xml:20:5-66
MERGED from [com.google.firebase:firebase-crash:9.8.0] AndroidManifest.xml:18:5-66
MERGED from [com.google.firebase:firebase-iid:9.8.0] AndroidManifest.xml:20:5-66
MERGED from [com.google.firebase:firebase-analytics:9.8.0] AndroidManifest.xml:20:5-66
MERGED from [com.google.firebase:firebase-analytics-impl:9.8.0] AndroidManifest.xml:20:5-66
MERGED from [com.google.android.gms:play-services-appinvite:9.8.0] AndroidManifest.xml:18:5-66
	android:name
		ADDED from Project_FileManager\filemanager\AndroidManifest.xml:30:22-64
uses-permission#android.permission.GET_ACCOUNTS
ADDED from Project_FileManager\filemanager\AndroidManifest.xml:31:5-71
	android:name
		ADDED from Project_FileManager\filemanager\AndroidManifest.xml:31:22-68
uses-permission#com.android.gallery3d.permission.READ_PICASA
ADDED from Project_FileManager\filemanager\AndroidManifest.xml:32:5-84
	android:name
		ADDED from Project_FileManager\filemanager\AndroidManifest.xml:32:22-81
uses-permission#android.permission.ACCESS_WIFI_STATE
ADDED from Project_FileManager\filemanager\AndroidManifest.xml:33:5-76
	android:name
		ADDED from Project_FileManager\filemanager\AndroidManifest.xml:33:22-73
uses-permission#android.permission.CHANGE_WIFI_STATE
ADDED from Project_FileManager\filemanager\AndroidManifest.xml:34:5-76
	android:name
		ADDED from Project_FileManager\filemanager\AndroidManifest.xml:34:22-73
uses-permission#android.permission.GET_TASKS
ADDED from Project_FileManager\filemanager\AndroidManifest.xml:35:5-68
	android:name
		ADDED from Project_FileManager\filemanager\AndroidManifest.xml:35:22-65
uses-permission#android.permission.MANAGE_ACCOUNTS
ADDED from Project_FileManager\filemanager\AndroidManifest.xml:36:5-74
	android:name
		ADDED from Project_FileManager\filemanager\AndroidManifest.xml:36:22-71
uses-permission#android.permission.AUTHENTICATE_ACCOUNTS
ADDED from Project_FileManager\filemanager\AndroidManifest.xml:37:5-80
	android:name
		ADDED from Project_FileManager\filemanager\AndroidManifest.xml:37:22-77
uses-permission#android.permission.USE_CREDENTIALS
ADDED from Project_FileManager\filemanager\AndroidManifest.xml:38:5-74
	android:name
		ADDED from Project_FileManager\filemanager\AndroidManifest.xml:38:22-71
uses-permission#android.permission.WRITE_MEDIA_STORAGE
ADDED from Project_FileManager\filemanager\AndroidManifest.xml:39:5-78
	android:name
		ADDED from Project_FileManager\filemanager\AndroidManifest.xml:39:22-75
uses-permission#com.android.launcher.permission.INSTALL_SHORTCUT
ADDED from Project_FileManager\filemanager\AndroidManifest.xml:40:5-88
	android:name
		ADDED from Project_FileManager\filemanager\AndroidManifest.xml:40:22-85
uses-permission#android.permission.USE_FINGERPRINT
ADDED from Project_FileManager\filemanager\AndroidManifest.xml:41:5-74
	android:name
		ADDED from Project_FileManager\filemanager\AndroidManifest.xml:41:22-71
uses-permission#com.asus.filemanager.provider.OpenFileProvider.PERMISSION.READ
ADDED from Project_FileManager\filemanager\AndroidManifest.xml:42:5-102
	android:name
		ADDED from Project_FileManager\filemanager\AndroidManifest.xml:42:22-99
uses-permission#com.asus.filemanager.provider.OpenFileProvider.PERMISSION.WRITE
ADDED from Project_FileManager\filemanager\AndroidManifest.xml:43:5-103
	android:name
		ADDED from Project_FileManager\filemanager\AndroidManifest.xml:43:22-100
uses-permission#com.asus.vzwhelp.provider.permission
ADDED from Project_FileManager\filemanager\AndroidManifest.xml:44:5-76
	android:name
		ADDED from Project_FileManager\filemanager\AndroidManifest.xml:44:22-73
android:uses-permission#android.permission.READ_PHONE_STATE
ADDED from Project_FileManager\filemanager\AndroidManifest.xml:46:5-83
	android:name
		ADDED from Project_FileManager\filemanager\AndroidManifest.xml:46:30-80
android:uses-permission#android.permission.READ_EXTERNAL_STORAGE
ADDED from Project_FileManager\filemanager\AndroidManifest.xml:47:5-88
	android:name
		ADDED from Project_FileManager\filemanager\AndroidManifest.xml:47:30-85
application
ADDED from Project_FileManager\filemanager\AndroidManifest.xml:59:5-576:19
MERGED from [Project_FileManager:facebookenginelite:unspecified] AndroidManifest.xml:11:5-14:19
MERGED from [Project_FileManager:cloudfacebooksdk:unspecified] AndroidManifest.xml:28:5-20
MERGED from [com.android.support:support-v4:24.0.0] AndroidManifest.xml:25:5-20
MERGED from [Project_FileManager:uservoicesdk:unspecified] AndroidManifest.xml:14:5-30:19
MERGED from [com.google.android.gms:play-services-basement:9.8.0] AndroidManifest.xml:19:5-21:19
MERGED from [com.google.android.gms:play-services-base:9.8.0] AndroidManifest.xml:18:5-20:19
MERGED from [com.google.android.gms:play-services-tasks:9.8.0] AndroidManifest.xml:4:5-19
MERGED from [com.google.android.gms:play-services-analytics:9.8.0] AndroidManifest.xml:26:5-19
MERGED from [com.google.android.gms:play-services-analytics-impl:9.8.0] AndroidManifest.xml:26:5-19
MERGED from [com.google.android.gms:play-services-auth:9.8.0] AndroidManifest.xml:19:5-25:19
MERGED from [com.google.firebase:firebase-crash:9.8.0] AndroidManifest.xml:22:5-23:19
MERGED from [com.google.firebase:firebase-iid:9.8.0] AndroidManifest.xml:28:5-50:19
MERGED from [com.google.firebase:firebase-common:9.8.0] AndroidManifest.xml:4:5-7:19
MERGED from [com.google.firebase:firebase-analytics:9.8.0] AndroidManifest.xml:24:5-33:19
MERGED from [com.google.firebase:firebase-analytics-impl:9.8.0] AndroidManifest.xml:24:5-28:19
MERGED from [com.google.firebase:firebase-invites:9.8.0] AndroidManifest.xml:5:5-20
MERGED from [com.google.android.gms:play-services-appinvite:9.8.0] AndroidManifest.xml:19:5-26:19
MERGED from [com.android.support:design:24.0.0] AndroidManifest.xml:22:5-20
MERGED from [com.android.support:appcompat-v7:24.0.0] AndroidManifest.xml:25:5-20
MERGED from [com.android.support:support-vector-drawable:24.0.0] AndroidManifest.xml:23:5-20
MERGED from [com.android.support:animated-vector-drawable:24.0.0] AndroidManifest.xml:22:5-20
MERGED from [com.google.firebase:firebase-core:9.8.0] AndroidManifest.xml:5:5-20
	android:label
		ADDED from Project_FileManager\filemanager\AndroidManifest.xml:64:9-45
	android:hardwareAccelerated
		ADDED from Project_FileManager\filemanager\AndroidManifest.xml:62:9-43
	android:allowBackup
		ADDED from Project_FileManager\filemanager\AndroidManifest.xml:61:9-36
		REJECTED from [Project_FileManager:facebookenginelite:unspecified] AndroidManifest.xml:11:18-44
		REJECTED from [Project_FileManager:uservoicesdk:unspecified] AndroidManifest.xml:14:18-45
	android:icon
		ADDED from Project_FileManager\filemanager\AndroidManifest.xml:63:9-48
	android:theme
		ADDED from Project_FileManager\filemanager\AndroidManifest.xml:65:9-79
	tools:replace
		ADDED from Project_FileManager\filemanager\AndroidManifest.xml:66:9-61
	android:name
		ADDED from Project_FileManager\filemanager\AndroidManifest.xml:60:9-56
activity#com.asus.filemanager.activity.FileManagerActivity
ADDED from Project_FileManager\filemanager\AndroidManifest.xml:67:9-116:20
	android:label
		ADDED from Project_FileManager\filemanager\AndroidManifest.xml:70:13-49
	android:launchMode
		ADDED from Project_FileManager\filemanager\AndroidManifest.xml:71:13-43
	android:configChanges
		ADDED from Project_FileManager\filemanager\AndroidManifest.xml:69:13-91
	android:theme
		ADDED from Project_FileManager\filemanager\AndroidManifest.xml:72:13-65
	android:name
		ADDED from Project_FileManager\filemanager\AndroidManifest.xml:68:13-57
intent-filter#android.intent.action.MAIN+android.intent.category.DEFAULT+android.intent.category.LAUNCHER
ADDED from Project_FileManager\filemanager\AndroidManifest.xml:73:13-78:29
action#android.intent.action.MAIN
ADDED from Project_FileManager\filemanager\AndroidManifest.xml:74:17-69
	android:name
		ADDED from Project_FileManager\filemanager\AndroidManifest.xml:74:25-66
category#android.intent.category.LAUNCHER
ADDED from Project_FileManager\filemanager\AndroidManifest.xml:76:17-77
	android:name
		ADDED from Project_FileManager\filemanager\AndroidManifest.xml:76:27-74
category#android.intent.category.DEFAULT
ADDED from Project_FileManager\filemanager\AndroidManifest.xml:77:17-76
	android:name
		ADDED from Project_FileManager\filemanager\AndroidManifest.xml:77:27-73
intent-filter#android.intent.action.SEARCH
ADDED from Project_FileManager\filemanager\AndroidManifest.xml:79:13-81:29
action#android.intent.action.SEARCH
ADDED from Project_FileManager\filemanager\AndroidManifest.xml:80:17-71
	android:name
		ADDED from Project_FileManager\filemanager\AndroidManifest.xml:80:25-68
meta-data#android.app.searchable
ADDED from Project_FileManager\filemanager\AndroidManifest.xml:83:13-85:60
MERGED from [Project_FileManager:uservoicesdk:unspecified] AndroidManifest.xml:19:13-21:61
	android:resource
		ADDED from Project_FileManager\filemanager\AndroidManifest.xml:85:17-57
	android:name
		ADDED from Project_FileManager\filemanager\AndroidManifest.xml:84:17-54
intent-filter#android.intent.action.VIEW+android.intent.category.DEFAULT
ADDED from Project_FileManager\filemanager\AndroidManifest.xml:87:13-94:29
action#android.intent.action.VIEW
ADDED from Project_FileManager\filemanager\AndroidManifest.xml:88:17-69
	android:name
		ADDED from Project_FileManager\filemanager\AndroidManifest.xml:88:25-66
data
ADDED from Project_FileManager\filemanager\AndroidManifest.xml:92:17-47
	android:scheme
		ADDED from Project_FileManager\filemanager\AndroidManifest.xml:92:23-44
intent-filter#android.intent.action.VIEW+android.intent.category.BROWSABLE+android.intent.category.DEFAULT
ADDED from Project_FileManager\filemanager\AndroidManifest.xml:103:13-110:29
category#android.intent.category.BROWSABLE
ADDED from Project_FileManager\filemanager\AndroidManifest.xml:107:17-78
	android:name
		ADDED from Project_FileManager\filemanager\AndroidManifest.xml:107:27-75
intent-filter#android.intent.action.CREATE_SHORTCUT+android.intent.category.DEFAULT
ADDED from Project_FileManager\filemanager\AndroidManifest.xml:111:13-115:29
action#android.intent.action.CREATE_SHORTCUT
ADDED from Project_FileManager\filemanager\AndroidManifest.xml:112:17-80
	android:name
		ADDED from Project_FileManager\filemanager\AndroidManifest.xml:112:25-77
activity#com.asus.filemanager.activity.FileManagerGetContent
ADDED from Project_FileManager\filemanager\AndroidManifest.xml:117:9-134:20
	android:label
		ADDED from Project_FileManager\filemanager\AndroidManifest.xml:119:13-49
	android:theme
		ADDED from Project_FileManager\filemanager\AndroidManifest.xml:120:13-65
	android:name
		ADDED from Project_FileManager\filemanager\AndroidManifest.xml:118:13-59
intent-filter#android.intent.category.DEFAULT+com.asus.filemanager.action.MULTIPLE_SELECTION
ADDED from Project_FileManager\filemanager\AndroidManifest.xml:121:13-125:29
action#com.asus.filemanager.action.MULTIPLE_SELECTION
ADDED from Project_FileManager\filemanager\AndroidManifest.xml:122:17-89
	android:name
		ADDED from Project_FileManager\filemanager\AndroidManifest.xml:122:25-86
intent-filter#android.intent.action.GET_CONTENT+android.intent.category.DEFAULT+android.intent.category.OPENABLE
ADDED from Project_FileManager\filemanager\AndroidManifest.xml:126:13-133:29
action#android.intent.action.GET_CONTENT
ADDED from Project_FileManager\filemanager\AndroidManifest.xml:127:17-76
	android:name
		ADDED from Project_FileManager\filemanager\AndroidManifest.xml:127:25-73
category#android.intent.category.OPENABLE
ADDED from Project_FileManager\filemanager\AndroidManifest.xml:130:17-77
	android:name
		ADDED from Project_FileManager\filemanager\AndroidManifest.xml:130:27-74
activity#com.asus.filemanager.activity.TutorialActivity
ADDED from Project_FileManager\filemanager\AndroidManifest.xml:135:9-137:61
	android:label
		ADDED from Project_FileManager\filemanager\AndroidManifest.xml:137:13-49
	android:name
		ADDED from Project_FileManager\filemanager\AndroidManifest.xml:136:13-54
activity#com.asus.filemanager.activity.HttpServerActivity
ADDED from Project_FileManager\filemanager\AndroidManifest.xml:138:9-142:66
	android:label
		ADDED from Project_FileManager\filemanager\AndroidManifest.xml:141:13-45
	android:configChanges
		ADDED from Project_FileManager\filemanager\AndroidManifest.xml:140:13-59
	android:theme
		ADDED from Project_FileManager\filemanager\AndroidManifest.xml:142:13-54
	android:name
		ADDED from Project_FileManager\filemanager\AndroidManifest.xml:139:13-56
activity#com.asus.filemanager.activity.LowStorageTutorialActivity
ADDED from Project_FileManager\filemanager\AndroidManifest.xml:143:9-146:66
	android:label
		ADDED from Project_FileManager\filemanager\AndroidManifest.xml:145:13-49
	android:theme
		ADDED from Project_FileManager\filemanager\AndroidManifest.xml:146:13-54
	android:name
		ADDED from Project_FileManager\filemanager\AndroidManifest.xml:144:13-64
activity#com.asus.filemanager.dialog.FolderSelection
ADDED from Project_FileManager\filemanager\AndroidManifest.xml:147:9-162:20
	android:label
		ADDED from Project_FileManager\filemanager\AndroidManifest.xml:150:13-49
	android:configChanges
		ADDED from Project_FileManager\filemanager\AndroidManifest.xml:149:13-72
	android:theme
		ADDED from Project_FileManager\filemanager\AndroidManifest.xml:152:13-64
	android:taskAffinity
		ADDED from Project_FileManager\filemanager\AndroidManifest.xml:151:13-36
	android:name
		ADDED from Project_FileManager\filemanager\AndroidManifest.xml:148:13-51
intent-filter#android.intent.category.DEFAULT
ADDED from Project_FileManager\filemanager\AndroidManifest.xml:153:13-155:29
intent-filter#android.intent.action.MEDIA_MOUNTED+android.intent.action.MEDIA_UNMOUNTED
ADDED from Project_FileManager\filemanager\AndroidManifest.xml:156:13-161:29
action#android.intent.action.MEDIA_MOUNTED
ADDED from Project_FileManager\filemanager\AndroidManifest.xml:157:17-78
	android:name
		ADDED from Project_FileManager\filemanager\AndroidManifest.xml:157:25-75
action#android.intent.action.MEDIA_UNMOUNTED
ADDED from Project_FileManager\filemanager\AndroidManifest.xml:158:17-80
	android:name
		ADDED from Project_FileManager\filemanager\AndroidManifest.xml:158:25-77
activity#com.asus.filemanager.dialog.AlbumPicker
ADDED from Project_FileManager\filemanager\AndroidManifest.xml:163:9-178:20
	android:label
		ADDED from Project_FileManager\filemanager\AndroidManifest.xml:166:13-49
	android:configChanges
		ADDED from Project_FileManager\filemanager\AndroidManifest.xml:165:13-72
	android:theme
		ADDED from Project_FileManager\filemanager\AndroidManifest.xml:168:13-63
	android:taskAffinity
		ADDED from Project_FileManager\filemanager\AndroidManifest.xml:167:13-36
	android:name
		ADDED from Project_FileManager\filemanager\AndroidManifest.xml:164:13-47
activity#com.asus.filemanager.dialog.PhotoPicker
ADDED from Project_FileManager\filemanager\AndroidManifest.xml:179:9-194:20
	android:label
		ADDED from Project_FileManager\filemanager\AndroidManifest.xml:182:13-49
	android:configChanges
		ADDED from Project_FileManager\filemanager\AndroidManifest.xml:181:13-72
	android:theme
		ADDED from Project_FileManager\filemanager\AndroidManifest.xml:184:13-63
	android:taskAffinity
		ADDED from Project_FileManager\filemanager\AndroidManifest.xml:183:13-36
	android:name
		ADDED from Project_FileManager\filemanager\AndroidManifest.xml:180:13-47
activity#com.asus.filemanager.activity.StorageAnalyzerActivity
ADDED from Project_FileManager\filemanager\AndroidManifest.xml:195:9-198:66
	android:configChanges
		ADDED from Project_FileManager\filemanager\AndroidManifest.xml:197:13-59
	android:theme
		ADDED from Project_FileManager\filemanager\AndroidManifest.xml:198:13-54
	android:name
		ADDED from Project_FileManager\filemanager\AndroidManifest.xml:196:13-61
activity#com.asus.filemanager.activity.AnalyzerAllFilesActivity
ADDED from Project_FileManager\filemanager\AndroidManifest.xml:199:9-202:77
	android:configChanges
		ADDED from Project_FileManager\filemanager\AndroidManifest.xml:201:13-59
	android:theme
		ADDED from Project_FileManager\filemanager\AndroidManifest.xml:202:13-65
	android:name
		ADDED from Project_FileManager\filemanager\AndroidManifest.xml:200:13-62
activity#com.asus.filemanager.activity.AnalyzerDupFilesActivity
ADDED from Project_FileManager\filemanager\AndroidManifest.xml:203:9-206:71
	android:configChanges
		ADDED from Project_FileManager\filemanager\AndroidManifest.xml:205:13-59
	android:theme
		ADDED from Project_FileManager\filemanager\AndroidManifest.xml:206:13-59
	android:name
		ADDED from Project_FileManager\filemanager\AndroidManifest.xml:204:13-62
provider#com.asus.filemanager.provider.FileManagerProvider
ADDED from Project_FileManager\filemanager\AndroidManifest.xml:208:9-211:39
	android:authorities
		ADDED from Project_FileManager\filemanager\AndroidManifest.xml:210:13-64
	android:exported
		ADDED from Project_FileManager\filemanager\AndroidManifest.xml:211:13-36
	android:name
		ADDED from Project_FileManager\filemanager\AndroidManifest.xml:209:13-57
provider#com.asus.filemanager.provider.SuggestionsProvider
ADDED from Project_FileManager\filemanager\AndroidManifest.xml:212:9-215:39
	android:authorities
		ADDED from Project_FileManager\filemanager\AndroidManifest.xml:214:13-75
	android:exported
		ADDED from Project_FileManager\filemanager\AndroidManifest.xml:215:13-36
	android:name
		ADDED from Project_FileManager\filemanager\AndroidManifest.xml:213:13-57
provider#com.asus.filemanager.samba.provider.PCAccountInfoProvider
ADDED from Project_FileManager\filemanager\AndroidManifest.xml:216:9-219:40
	android:authorities
		ADDED from Project_FileManager\filemanager\AndroidManifest.xml:218:13-83
	android:syncable
		ADDED from Project_FileManager\filemanager\AndroidManifest.xml:219:13-37
	android:name
		ADDED from Project_FileManager\filemanager\AndroidManifest.xml:217:13-65
provider#com.asus.filemanager.provider.SearchHistoryProvider
ADDED from Project_FileManager\filemanager\AndroidManifest.xml:220:9-223:39
	android:authorities
		ADDED from Project_FileManager\filemanager\AndroidManifest.xml:222:13-77
	android:exported
		ADDED from Project_FileManager\filemanager\AndroidManifest.xml:223:13-36
	android:name
		ADDED from Project_FileManager\filemanager\AndroidManifest.xml:221:13-59
provider#com.asus.filemanager.provider.OpenFileProvider
ADDED from Project_FileManager\filemanager\AndroidManifest.xml:224:9-232:20
	android:readPermission
		ADDED from Project_FileManager\filemanager\AndroidManifest.xml:229:13-100
	android:authorities
		ADDED from Project_FileManager\filemanager\AndroidManifest.xml:226:13-72
	android:grantUriPermissions
		ADDED from Project_FileManager\filemanager\AndroidManifest.xml:228:13-48
	android:exported
		ADDED from Project_FileManager\filemanager\AndroidManifest.xml:227:13-36
	android:name
		ADDED from Project_FileManager\filemanager\AndroidManifest.xml:225:13-54
	android:writePermission
		ADDED from Project_FileManager\filemanager\AndroidManifest.xml:230:13-102
grant-uri-permission
ADDED from Project_FileManager\filemanager\AndroidManifest.xml:231:13-64
	android:pathPrefix
		ADDED from Project_FileManager\filemanager\AndroidManifest.xml:231:35-61
activity#com.asus.filemanager.activity.HandleSearchIntentActivity
ADDED from Project_FileManager\filemanager\AndroidManifest.xml:246:9-264:20
	android:launchMode
		ADDED from Project_FileManager\filemanager\AndroidManifest.xml:248:13-43
	android:theme
		ADDED from Project_FileManager\filemanager\AndroidManifest.xml:249:13-55
	android:name
		ADDED from Project_FileManager\filemanager\AndroidManifest.xml:247:13-64
intent-filter#android.intent.action.SEARCH+android.intent.category.DEFAULT
ADDED from Project_FileManager\filemanager\AndroidManifest.xml:250:13-254:29
activity#com.uservoice.uservoicesdk.activity.PortalActivity
ADDED from Project_FileManager\filemanager\AndroidManifest.xml:265:9-276:20
MERGED from [Project_FileManager:uservoicesdk:unspecified] AndroidManifest.xml:15:9-26:20
	android:launchMode
		ADDED from Project_FileManager\filemanager\AndroidManifest.xml:268:13-43
	android:configChanges
		ADDED from Project_FileManager\filemanager\AndroidManifest.xml:267:13-74
	android:name
		ADDED from Project_FileManager\filemanager\AndroidManifest.xml:266:13-78
service#com.asus.filemanager.service.RemoteServiceMessenger
ADDED from Project_FileManager\filemanager\AndroidManifest.xml:278:9-75
	android:name
		ADDED from Project_FileManager\filemanager\AndroidManifest.xml:278:18-64
receiver#com.asus.filemanager.receiver.FeedbackReceiver
ADDED from Project_FileManager\filemanager\AndroidManifest.xml:280:9-284:20
	android:name
		ADDED from Project_FileManager\filemanager\AndroidManifest.xml:280:19-60
intent-filter#com.asus.filemanager.intent.action.USERFEEDBACK
ADDED from Project_FileManager\filemanager\AndroidManifest.xml:281:13-283:29
action#com.asus.filemanager.intent.action.USERFEEDBACK
ADDED from Project_FileManager\filemanager\AndroidManifest.xml:282:17-97
	android:name
		ADDED from Project_FileManager\filemanager\AndroidManifest.xml:282:25-87
activity#com.asus.service.asuscloud.ASUSAccountLoginActivity
ADDED from Project_FileManager\filemanager\AndroidManifest.xml:286:9-291:67
	android:excludeFromRecents
		ADDED from Project_FileManager\filemanager\AndroidManifest.xml:289:13-46
	android:windowSoftInputMode
		ADDED from Project_FileManager\filemanager\AndroidManifest.xml:291:13-55
	android:configChanges
		ADDED from Project_FileManager\filemanager\AndroidManifest.xml:288:13-59
	android:theme
		ADDED from Project_FileManager\filemanager\AndroidManifest.xml:290:13-66
	android:name
		ADDED from Project_FileManager\filemanager\AndroidManifest.xml:287:13-79
activity#com.asus.service.asuscloud.AccountIntegrateActivity
ADDED from Project_FileManager\filemanager\AndroidManifest.xml:292:9-299:54
	android:label
		ADDED from Project_FileManager\filemanager\AndroidManifest.xml:296:13-57
	android:launchMode
		ADDED from Project_FileManager\filemanager\AndroidManifest.xml:297:13-48